<?xml version="1.0" encoding="UTF-8"?>
<!-- Generated by org.testng.reporters.JUnitReportReporter -->
<testsuite hostname="PC_Emi" failures="0" tests="2" name="com.test.AppTest" time="0.133" errors="0" timestamp="2024-07-31T15:56:36 CEST" skipped="0">
  <testcase classname="com.test.AppTest" name="testConvertToJson" time="0.126"/>
  <system-out/>
  <testcase classname="com.test.AppTest" name="testCapitalizeString" time="0.007"/>
  <system-out/>
</testsuite> <!-- com.test.AppTest -->
